
Copyright (C) 1994-2023 Synopsys, Inc.
This Synopsys software and all associated documentation are proprietary to Synopsys, Inc.
and may only be used pursuant to the terms and conditions of a written license agreement
with Synopsys, Inc. All other use, reproduction, modification, or distribution of the
Synopsys software or the associated documentation is strictly prohibited.
Tool: Synplify Pro (R)
Build: V-2023.09L-2
Install: D:\Program Files\Lattice\synpbase
OS: Windows 10 or later
Hostname: MAICRY

Implementation : impl1
Synopsys HDL compiler and linker, Version comp202309synp1, Build 349R, Built Sep 17 2024 08:16:26, @

Modified Files: 12
FID:  path (prevtimestamp, timestamp)
0        D:\Data\Desktop\Cyberspace 2024-2025\ProjectCode\LatticeDiamond__Fusion\source\beeper.v (N/A, 2025-02-11 20:59:36)
1        D:\Data\Desktop\Cyberspace 2024-2025\ProjectCode\LatticeDiamond__Fusion\source\controller.v (N/A, 2025-02-14 10:41:18)
2        D:\Data\Desktop\Cyberspace 2024-2025\ProjectCode\LatticeDiamond__Fusion\source\detecter.v (N/A, 2025-02-14 10:41:50)
3        D:\Data\Desktop\Cyberspace 2024-2025\ProjectCode\LatticeDiamond__Fusion\source\merged_system.v (N/A, 2025-02-24 10:01:28)
4        D:\Data\Desktop\Cyberspace 2024-2025\ProjectCode\LatticeDiamond__Fusion\source\segment.v (N/A, 2025-02-23 21:28:38)
5        D:\Data\Desktop\Cyberspace 2024-2025\ProjectCode\LatticeDiamond__Fusion\source\sensor.v (N/A, 2025-02-23 21:48:33)
6        D:\Data\Desktop\Cyberspace 2024-2025\ProjectCode\LatticeDiamond__Fusion\source\traffic_light.v (N/A, 2025-02-24 10:02:26)
7        D:\Program Files\Lattice\synpbase\lib\lucent\machxo2.v (N/A, 2024-09-17 14:02:13)
8        D:\Program Files\Lattice\synpbase\lib\lucent\pmi_def.v (N/A, 2024-09-24 07:33:10)
9        D:\Program Files\Lattice\synpbase\lib\vlog\hypermods.v (N/A, 2024-09-24 07:33:35)
10       D:\Program Files\Lattice\synpbase\lib\vlog\scemi_objects.v (N/A, 2024-09-24 07:33:35)
11       D:\Program Files\Lattice\synpbase\lib\vlog\scemi_pipes.svh (N/A, 2024-09-24 07:33:35)

*******************************************************************
Modules that may have changed as a result of file changes: 7
MID:  lib.cell.view
0        work.beeper.verilog may have changed because the following files changed:
                        D:\Data\Desktop\Cyberspace 2024-2025\ProjectCode\LatticeDiamond__Fusion\source\beeper.v (N/A, 2025-02-11 20:59:36) <-- (module definition)
                        D:\Data\Desktop\Cyberspace 2024-2025\ProjectCode\LatticeDiamond__Fusion\source\detecter.v (N/A, 2025-02-14 10:41:50) <-- (may instantiate this module)
                        D:\Data\Desktop\Cyberspace 2024-2025\ProjectCode\LatticeDiamond__Fusion\source\merged_system.v (N/A, 2025-02-24 10:01:28) <-- (may instantiate this module)
                        D:\Data\Desktop\Cyberspace 2024-2025\ProjectCode\LatticeDiamond__Fusion\source\traffic_light.v (N/A, 2025-02-24 10:02:26) <-- (may instantiate this module)
1        work.controller.verilog may have changed because the following files changed:
                        D:\Data\Desktop\Cyberspace 2024-2025\ProjectCode\LatticeDiamond__Fusion\source\controller.v (N/A, 2025-02-14 10:41:18) <-- (module definition)
                        D:\Data\Desktop\Cyberspace 2024-2025\ProjectCode\LatticeDiamond__Fusion\source\detecter.v (N/A, 2025-02-14 10:41:50) <-- (may instantiate this module)
                        D:\Data\Desktop\Cyberspace 2024-2025\ProjectCode\LatticeDiamond__Fusion\source\merged_system.v (N/A, 2025-02-24 10:01:28) <-- (may instantiate this module)
2        work.detecter.verilog may have changed because the following files changed:
                        D:\Data\Desktop\Cyberspace 2024-2025\ProjectCode\LatticeDiamond__Fusion\source\detecter.v (N/A, 2025-02-14 10:41:50) <-- (module definition)
                        D:\Data\Desktop\Cyberspace 2024-2025\ProjectCode\LatticeDiamond__Fusion\source\merged_system.v (N/A, 2025-02-24 10:01:28) <-- (may instantiate this module)
3        work.merged_system.verilog may have changed because the following files changed:
                        D:\Data\Desktop\Cyberspace 2024-2025\ProjectCode\LatticeDiamond__Fusion\source\merged_system.v (N/A, 2025-02-24 10:01:28) <-- (module definition)
4        work.segment.verilog may have changed because the following files changed:
                        D:\Data\Desktop\Cyberspace 2024-2025\ProjectCode\LatticeDiamond__Fusion\source\merged_system.v (N/A, 2025-02-24 10:01:28) <-- (may instantiate this module)
                        D:\Data\Desktop\Cyberspace 2024-2025\ProjectCode\LatticeDiamond__Fusion\source\segment.v (N/A, 2025-02-23 21:28:38) <-- (module definition)
                        D:\Data\Desktop\Cyberspace 2024-2025\ProjectCode\LatticeDiamond__Fusion\source\traffic_light.v (N/A, 2025-02-24 10:02:26) <-- (may instantiate this module)
5        work.sensor.verilog may have changed because the following files changed:
                        D:\Data\Desktop\Cyberspace 2024-2025\ProjectCode\LatticeDiamond__Fusion\source\detecter.v (N/A, 2025-02-14 10:41:50) <-- (may instantiate this module)
                        D:\Data\Desktop\Cyberspace 2024-2025\ProjectCode\LatticeDiamond__Fusion\source\merged_system.v (N/A, 2025-02-24 10:01:28) <-- (may instantiate this module)
                        D:\Data\Desktop\Cyberspace 2024-2025\ProjectCode\LatticeDiamond__Fusion\source\sensor.v (N/A, 2025-02-23 21:48:33) <-- (module definition)
6        work.traffic_light.verilog may have changed because the following files changed:
                        D:\Data\Desktop\Cyberspace 2024-2025\ProjectCode\LatticeDiamond__Fusion\source\merged_system.v (N/A, 2025-02-24 10:01:28) <-- (may instantiate this module)
                        D:\Data\Desktop\Cyberspace 2024-2025\ProjectCode\LatticeDiamond__Fusion\source\traffic_light.v (N/A, 2025-02-24 10:02:26) <-- (module definition)

*******************************************************************
Unmodified files: 0
FID:  path (timestamp)

*******************************************************************
Unchanged modules: 0
MID:  lib.cell.view
