
map -a "MachXO2" -p LCMXO2-4000HC -t CSBGA132 -s 4 -oc Commercial   "LatticeDiamond__Fusion_impl1.ngd" -o "LatticeDiamond__Fusion_impl1_map.ncd" -pr "LatticeDiamond__Fusion_impl1.prf" -mp "LatticeDiamond__Fusion_impl1.mrp" -lpf "D:/Data/Desktop/Cyberspace 2024-2025/ProjectCode/LatticeDiamond__Fusion/impl1/LatticeDiamond__Fusion_impl1_synplify.lpf" -lpf "D:/Data/Desktop/Cyberspace 2024-2025/ProjectCode/LatticeDiamond__Fusion/LatticeDiamond__Fusion.lpf"  -c 0           
map:  version Diamond (64-bit) 3.14.0.75.2

Copyright (c) 1991-1994 by NeoCAD Inc. All rights reserved.
Copyright (c) 1995 AT&T Corp.   All rights reserved.
Copyright (c) 1995-2001 Lucent Technologies Inc.  All rights reserved.
Copyright (c) 2001 Agere Systems   All rights reserved.
Copyright (c) 2002-2024 Lattice Semiconductor Corporation,  All rights reserved.
   Process the file: LatticeDiamond__Fusion_impl1.ngd
   Picdevice="LCMXO2-4000HC"

   Pictype="CSBGA132"

   Picspeed=4

   Remove unused logic

   Do not produce over sized NCDs.

Part used: LCMXO2-4000HCCSBGA132, Performance used: 4.

Loading device for application map from file 'xo2c4000.nph' in environment: D:/Program Files/Lattice/ispfpga.
Package Status:                     Final          Version 1.44.

Running general design DRC...

Removing unused logic...

Optimizing...

7 CCU2 constant inputs absorbed.

    <postMsg mid="51001030" type="Warning" dynamic="1" navigation="0" arg0="rst_n_c"  />



Design Summary:
   Number of registers:    326 out of  4635 (7%)
      PFU registers:          319 out of  4320 (7%)
      PIO registers:            7 out of   315 (2%)
   Number of SLICEs:       285 out of  2160 (13%)
      SLICEs as Logic/ROM:    285 out of  2160 (13%)
      SLICEs as RAM:            0 out of  1620 (0%)
      SLICEs as Carry:         99 out of  2160 (5%)
   Number of LUT4s:        566 out of  4320 (13%)
      Number used as logic LUTs:        368
      Number used as distributed RAM:     0
      Number used as ripple logic:      198
      Number used as shift registers:     0
   Number of PIO sites used: 22 + 4(JTAG) out of 105 (25%)
   Number of block RAMs:  0 out of 10 (0%)
   Number of GSRs:        1 out of 1 (100%)
   EFB used :        No
   JTAG used :       No
   Readback used :   No
   Oscillator used : No
   Startup used :    No
   POR :             On
   Bandgap :         On
   Number of Power Controller:  0 out of 1 (0%)
   Number of Dynamic Bank Controller (BCINRD):  0 out of 6 (0%)
   Number of Dynamic Bank Controller (BCLVDSO):  0 out of 1 (0%)
   Number of DCCA:  0 out of 8 (0%)
   Number of DCMA:  0 out of 2 (0%)
   Number of PLLs:  0 out of 2 (0%)
   Number of DQSDLLs:  0 out of 2 (0%)
   Number of CLKDIVC:  0 out of 4 (0%)
   Number of ECLKSYNCA:  0 out of 4 (0%)
   Number of ECLKBRIDGECS:  0 out of 2 (0%)
   Notes:-
      1. Total number of LUT4s = (Number of logic LUT4s) + 2*(Number of distributed RAMs) + 2*(Number of ripple logic)
      2. Number of logic LUT4s does not include count of distributed RAM and ripple logic.
   Number of clocks:  4
     Net clk_c: 87 loads, 87 rising, 0 falling (Driver: PIO clk )
     Net u_detecter.u1.phase_clock: 75 loads, 75 rising, 0 falling (Driver: u_detecter/u1/phase_clock )
     Net u_detecter/dat_valid: 21 loads, 21 rising, 0 falling (Driver: u_detecter/u1/data_valid )
     Net u_traffic_light.u_segment.un5_clk_40_i_i: 16 loads, 16 rising, 0 falling (Driver: u_traffic_light/u_segment/un5_clk_40lto4_RNII2HLO )
   Number of Clock Enables:  38
     Net u_traffic_light.sec_pulse: 3 loads, 1 LSLICEs
     Net read_bufferce[7]: 1 loads, 0 LSLICEs
     Net un1_i2c_data_clk_2_sqmuxa: 1 loads, 0 LSLICEs
     Net u_detecter/u3/pulse_cnt14lt22_i: 1 loads, 1 LSLICEs
     Net u_detecter/N_71_i: 8 loads, 8 LSLICEs
     Net u_detecter/u3/beeper_freq_0_sqmuxa_i: 1 loads, 1 LSLICEs
     Net u_detecter/u2/prox_dat23_i: 5 loads, 5 LSLICEs
     Net u_detecter/u1/N_144_i: 1 loads, 1 LSLICEs
     Net u_detecter/u1/current_state[5]: 2 loads, 2 LSLICEs
     Net u_detecter/u1/read_buffer_RNO[0]: 1 loads, 1 LSLICEs
     Net u_detecter/u1/current_state[1]: 1 loads, 1 LSLICEs
     Net u_detecter/u1/un1_clock_counter18_i: 4 loads, 4 LSLICEs
     Net u_detecter/u1/current_state[6]: 2 loads, 2 LSLICEs
     Net u_detecter/u1/N_102: 2 loads, 2 LSLICEs
     Net u_detecter/u1/un1_current_state_15_i: 2 loads, 2 LSLICEs
     Net u_detecter/u1/read_bufferce[1]: 1 loads, 1 LSLICEs
     Net u_detecter/u1/read_bufferce[2]: 1 loads, 1 LSLICEs
     Net u_detecter/u1/read_bufferce[3]: 1 loads, 1 LSLICEs
     Net u_detecter/u1/read_bufferce[4]: 1 loads, 1 LSLICEs
     Net u_detecter/u1/read_bufferce[5]: 1 loads, 1 LSLICEs
     Net u_detecter/u1/read_bufferce[6]: 1 loads, 1 LSLICEs
     Net u_detecter/u1/proximity_data_1_sqmuxa: 8 loads, 8 LSLICEs
     Net u_detecter/u1/N_146_i: 1 loads, 1 LSLICEs
     Net u_detecter/u1/N_148_i: 3 loads, 3 LSLICEs
     Net u_detecter/u1/N_126_i: 2 loads, 2 LSLICEs
     Net u_detecter/u1/low_reg_1_sqmuxa: 4 loads, 4 LSLICEs
     Net u_detecter/u1/un1_current_state_18_i: 1 loads, 1 LSLICEs
     Net u_detecter/u1/un1_current_state_19_i: 1 loads, 1 LSLICEs
     Net u_detecter/u1/high_reg_1_sqmuxa: 4 loads, 4 LSLICEs
     Net u_detecter/u1/un39_i: 1 loads, 1 LSLICEs
     Net u_traffic_light/beeper_en: 8 loads, 8 LSLICEs
     Net u_traffic_light/u_segment/shift_data_1_sqmuxa: 6 loads, 6 LSLICEs
     Net u_traffic_light/u_segment/write_cnte: 4 loads, 4 LSLICEs
     Net un1_state_5_0: 1 loads, 0 LSLICEs
     Net un1_state_3_0_a2: 1 loads, 0 LSLICEs
     Net un1_state_2_0_a2: 1 loads, 0 LSLICEs
     Net u_traffic_light/u_beeper/pulse_cnt14lt22_i: 1 loads, 1 LSLICEs
     Net u_traffic_light/u_beeper/beeper_freq_0_sqmuxa_i: 1 loads, 1 LSLICEs
   Number of local set/reset loads for net rst_n_c merged into GSR:  265
   Number of LSRs:  2
     Net u_detecter/u1/stop_phase_0_sqmuxa: 2 loads, 2 LSLICEs
     Net u_traffic_light/u_segment/main_cnt_RNIFAU2R[2]: 3 loads, 3 LSLICEs
   Number of nets driven by tri-state buffers:  0
   Top 10 highest fanout non-clock nets:
     Net u_detecter/u1/delay_timer_0_sqmuxa: 25 loads
     Net u_detecter/u1/current_state[0]: 17 loads
     Net u_detecter/u1/current_state[6]: 17 loads
     Net u_detecter/u3/freq_cnt: 17 loads
     Net u_traffic_light/u_beeper/freq_cnt: 17 loads
     Net u_detecter/u1/current_state[3]: 15 loads
     Net u_detecter/u1/mode2_phase[0]: 15 loads
     Net u_detecter/u1/current_state[5]: 14 loads
     Net u_detecter/u1/main_phase[1]: 14 loads
     Net u_detecter/u1/mode2_phase[1]: 14 loads
 

   Number of warnings:  1
   Number of errors:    0



Total CPU Time: 0 secs  
Total REAL Time: 0 secs  
Peak Memory Usage: 56 MB

Dumping design to file LatticeDiamond__Fusion_impl1_map.ncd.

trce -f "LatticeDiamond__Fusion_impl1.mt" -o "LatticeDiamond__Fusion_impl1.tw1" "LatticeDiamond__Fusion_impl1_map.ncd" "LatticeDiamond__Fusion_impl1.prf"
trce:  version Diamond (64-bit) 3.14.0.75.2

Copyright (c) 1991-1994 by NeoCAD Inc. All rights reserved.
Copyright (c) 1995 AT&T Corp.   All rights reserved.
Copyright (c) 1995-2001 Lucent Technologies Inc.  All rights reserved.
Copyright (c) 2001 Agere Systems   All rights reserved.
Copyright (c) 2002-2024 Lattice Semiconductor Corporation,  All rights reserved.

Loading design for application trce from file latticediamond__fusion_impl1_map.ncd.
Design name: merged_system
NCD version: 3.3
Vendor:      LATTICE
Device:      LCMXO2-4000HC
Package:     CSBGA132
Performance: 4
Loading device for application trce from file 'xo2c4000.nph' in environment: D:/Program Files/Lattice/ispfpga.
Package Status:                     Final          Version 1.44.
Performance Hardware Data Status:   Final          Version 36.4.
Setup and Hold Report

--------------------------------------------------------------------------------
Lattice TRACE Report - Setup, Version Diamond (64-bit) 3.14.0.75.2
Mon Feb 24 10:03:01 2025

Copyright (c) 1991-1994 by NeoCAD Inc. All rights reserved.
Copyright (c) 1995 AT&T Corp.   All rights reserved.
Copyright (c) 1995-2001 Lucent Technologies Inc.  All rights reserved.
Copyright (c) 2001 Agere Systems   All rights reserved.
Copyright (c) 2002-2024 Lattice Semiconductor Corporation,  All rights reserved.

Report Information
------------------
Command line:    trce -v 1 -gt -mapchkpnt 0 -sethld -o LatticeDiamond__Fusion_impl1.tw1 -gui LatticeDiamond__Fusion_impl1_map.ncd LatticeDiamond__Fusion_impl1.prf 
Design file:     latticediamond__fusion_impl1_map.ncd
Preference file: latticediamond__fusion_impl1.prf
Device,speed:    LCMXO2-4000HC,4
Report level:    verbose report, limited to 1 item per preference
--------------------------------------------------------------------------------

Report Type:     based on TRACE automatically generated preferences
BLOCK ASYNCPATHS
BLOCK RESETPATHS
--------------------------------------------------------------------------------



Timing summary (Setup):
---------------

Timing errors: 5686  Score: 80320762
Cumulative negative slack: 80320762

Constraints cover 10062 paths, 6 nets, and 2146 connections (97.37% coverage)

--------------------------------------------------------------------------------
Lattice TRACE Report - Hold, Version Diamond (64-bit) 3.14.0.75.2
Mon Feb 24 10:03:02 2025

Copyright (c) 1991-1994 by NeoCAD Inc. All rights reserved.
Copyright (c) 1995 AT&T Corp.   All rights reserved.
Copyright (c) 1995-2001 Lucent Technologies Inc.  All rights reserved.
Copyright (c) 2001 Agere Systems   All rights reserved.
Copyright (c) 2002-2024 Lattice Semiconductor Corporation,  All rights reserved.

Report Information
------------------
Command line:    trce -v 1 -gt -mapchkpnt 0 -sethld -o LatticeDiamond__Fusion_impl1.tw1 -gui LatticeDiamond__Fusion_impl1_map.ncd LatticeDiamond__Fusion_impl1.prf 
Design file:     latticediamond__fusion_impl1_map.ncd
Preference file: latticediamond__fusion_impl1.prf
Device,speed:    LCMXO2-4000HC,M
Report level:    verbose report, limited to 1 item per preference
--------------------------------------------------------------------------------

BLOCK ASYNCPATHS
BLOCK RESETPATHS
--------------------------------------------------------------------------------



Timing summary (Hold):
---------------

Timing errors: 0  Score: 0
Cumulative negative slack: 0

Constraints cover 10062 paths, 6 nets, and 2158 connections (97.91% coverage)



Timing summary (Setup and Hold):
---------------

Timing errors: 5686 (setup), 0 (hold)
Score: 80320762 (setup), 0 (hold)
Cumulative negative slack: 80320762 (80320762+0)
--------------------------------------------------------------------------------

--------------------------------------------------------------------------------

Total CPU Time: 0 secs 
Total REAL Time: 0 secs 
Peak Memory Usage: 67 MB


ldbanno "LatticeDiamond__Fusion_impl1_map.ncd" -n Verilog -o "LatticeDiamond__Fusion_impl1_mapvo.vo" -w -neg
ldbanno: version Diamond (64-bit) 3.14.0.75.2
Copyright (c) 1991-1994 by NeoCAD Inc. All rights reserved.
Copyright (c) 1995 AT&T Corp.   All rights reserved.
Copyright (c) 1995-2001 Lucent Technologies Inc.  All rights reserved.
Copyright (c) 2001 Agere Systems   All rights reserved.
Copyright (c) 2002-2024 Lattice Semiconductor Corporation,  All rights reserved.

Writing a Verilog netlist using the orca library type based on the LatticeDiamond__Fusion_impl1_map design file.


Loading design for application ldbanno from file LatticeDiamond__Fusion_impl1_map.ncd.
Design name: merged_system
NCD version: 3.3
Vendor:      LATTICE
Device:      LCMXO2-4000HC
Package:     CSBGA132
Performance: 4
Loading device for application ldbanno from file 'xo2c4000.nph' in environment: D:/Program Files/Lattice/ispfpga.
Package Status:                     Final          Version 1.44.
Performance Hardware Data Status:   Final          Version 36.4.
Converting design LatticeDiamond__Fusion_impl1_map.ncd into .ldb format.
Writing Verilog netlist to file LatticeDiamond__Fusion_impl1_mapvo.vo
Writing SDF timing to file LatticeDiamond__Fusion_impl1_mapvo.sdf
    <postMsg mid="35400250" type="Info"    dynamic="1" navigation="0" arg0="0"  />
Total CPU Time: 0 secs 
Total REAL Time: 0 secs 
Peak Memory Usage: 57 MB

ldbanno "LatticeDiamond__Fusion_impl1_map.ncd" -n VHDL -o "LatticeDiamond__Fusion_impl1_mapvho.vho" -w -neg
ldbanno: version Diamond (64-bit) 3.14.0.75.2
Copyright (c) 1991-1994 by NeoCAD Inc. All rights reserved.
Copyright (c) 1995 AT&T Corp.   All rights reserved.
Copyright (c) 1995-2001 Lucent Technologies Inc.  All rights reserved.
Copyright (c) 2001 Agere Systems   All rights reserved.
Copyright (c) 2002-2024 Lattice Semiconductor Corporation,  All rights reserved.

Writing a VHDL netlist using the orca library type based on the LatticeDiamond__Fusion_impl1_map design file.


Loading design for application ldbanno from file LatticeDiamond__Fusion_impl1_map.ncd.
Design name: merged_system
NCD version: 3.3
Vendor:      LATTICE
Device:      LCMXO2-4000HC
Package:     CSBGA132
Performance: 4
Loading device for application ldbanno from file 'xo2c4000.nph' in environment: D:/Program Files/Lattice/ispfpga.
Package Status:                     Final          Version 1.44.
Performance Hardware Data Status:   Final          Version 36.4.
Converting design LatticeDiamond__Fusion_impl1_map.ncd into .ldb format.
Writing VHDL netlist to file LatticeDiamond__Fusion_impl1_mapvho.vho
Writing SDF timing to file LatticeDiamond__Fusion_impl1_mapvho.sdf
    <postMsg mid="35400250" type="Info"    dynamic="1" navigation="0" arg0="0"  />
Total CPU Time: 0 secs 
Total REAL Time: 0 secs 
Peak Memory Usage: 57 MB

mpartrce -p "LatticeDiamond__Fusion_impl1.p2t" -f "LatticeDiamond__Fusion_impl1.p3t" -tf "LatticeDiamond__Fusion_impl1.pt" "LatticeDiamond__Fusion_impl1_map.ncd" "LatticeDiamond__Fusion_impl1.ncd"

---- MParTrce Tool ----
Removing old design directory at request of -rem command line option to this program.
Running par. Please wait . . .

Lattice Place and Route Report for Design "LatticeDiamond__Fusion_impl1_map.ncd"
Mon Feb 24 10:03:04 2025

PAR: Place And Route Diamond (64-bit) 3.14.0.75.2.
Command Line: par -w -l 5 -i 6 -t 1 -c 0 -e 0 -gui -exp parUseNBR=1:parCDP=0:parCDR=0:parPathBased=OFF:parASE=1 LatticeDiamond__Fusion_impl1_map.ncd LatticeDiamond__Fusion_impl1.dir/5_1.ncd LatticeDiamond__Fusion_impl1.prf
Preference file: LatticeDiamond__Fusion_impl1.prf.
Placement level-cost: 5-1.
Routing Iterations: 6

Loading design for application par from file LatticeDiamond__Fusion_impl1_map.ncd.
Design name: merged_system
NCD version: 3.3
Vendor:      LATTICE
Device:      LCMXO2-4000HC
Package:     CSBGA132
Performance: 4
Loading device for application par from file 'xo2c4000.nph' in environment: D:/Program Files/Lattice/ispfpga.
Package Status:                     Final          Version 1.44.
Performance Hardware Data Status:   Final          Version 36.4.
License checked out.


Ignore Preference Error(s):  True
Device utilization summary:

   PIO (prelim)   22+4(JTAG)/280     9% used
                  22+4(JTAG)/105     25% bonded
   IOLOGIC            7/280           2% used

   SLICE            285/2160         13% used

   GSR                1/1           100% used


Number of Signals: 938
Number of Connections: 2204
    <postMsg mid="61001101" type="Warning" dynamic="0" navigation="0"  />

Pin Constraint Summary:
   22 out of 22 pins locked (100% locked).

The following 4 signals are selected to use the primary clock routing resources:
    clk_c (driver: clk, clk load #: 87)
    u_detecter.u1.phase_clock (driver: u_detecter/u1/SLICE_102, clk load #: 75)
    u_detecter/dat_valid (driver: u_detecter/u1/SLICE_103, clk load #: 21)
    u_traffic_light.u_segment.un5_clk_40_i_i (driver: u_traffic_light/u_segment/SLICE_289, clk load #: 16)

    <postMsg mid="61061008" type="Warning" dynamic="5" navigation="0" arg0="clk_c" arg1="Primary" arg2="clk" arg3="C1" arg4="Primary"  />

No signal is selected as secondary clock.

Signal rst_n_c is selected as Global Set/Reset.
Starting Placer Phase 0.
............
Finished Placer Phase 0.  REAL time: 0 secs 

Starting Placer Phase 1.
................
Placer score = 997311.
Finished Placer Phase 1.  REAL time: 3 secs 

Starting Placer Phase 2.
.
Placer score =  1007363
Finished Placer Phase 2.  REAL time: 3 secs 


------------------ Clock Report ------------------

Global Clock Resources:
  CLK_PIN    : 0 out of 8 (0%)
  General PIO: 1 out of 280 (0%)
  PLL        : 0 out of 2 (0%)
  DCM        : 0 out of 2 (0%)
  DCC        : 0 out of 8 (0%)

Global Clocks:
  PRIMARY "clk_c" from comp "clk" on PIO site "C1 (PL4A)", clk load = 87
  PRIMARY "u_detecter.u1.phase_clock" from Q0 on comp "u_detecter/u1/SLICE_102" on site "R2C16D", clk load = 75
  PRIMARY "u_detecter/dat_valid" from Q0 on comp "u_detecter/u1/SLICE_103" on site "R12C2C", clk load = 21
  PRIMARY "u_traffic_light.u_segment.un5_clk_40_i_i" from F0 on comp "u_traffic_light/u_segment/SLICE_289" on site "R2C16A", clk load = 16

  PRIMARY  : 4 out of 8 (50%)
  SECONDARY: 0 out of 8 (0%)

Edge Clocks:
  No edge clock selected.

--------------- End of Clock Report ---------------


I/O Usage Summary (final):
   22 + 4(JTAG) out of 280 (9.3%) PIO sites used.
   22 + 4(JTAG) out of 105 (24.8%) bonded PIO sites used.
   Number of PIO comps: 22; differential: 0.
   Number of Vref pins used: 0.

I/O Bank Usage Summary:
+----------+----------------+------------+-----------+
| I/O Bank | Usage          | Bank Vccio | Bank Vref |
+----------+----------------+------------+-----------+
| 0        | 2 / 26 (  7%)  | 2.5V       | -         |
| 1        | 3 / 26 ( 11%)  | 2.5V       | -         |
| 2        | 15 / 28 ( 53%) | 2.5V       | -         |
| 3        | 1 / 7 ( 14%)   | 2.5V       | -         |
| 4        | 0 / 8 (  0%)   | -          | -         |
| 5        | 1 / 10 ( 10%)  | 2.5V       | -         |
+----------+----------------+------------+-----------+

Total placer CPU time: 2 secs 

Dumping design to file LatticeDiamond__Fusion_impl1.dir/5_1.ncd.

0 connections routed; 2204 unrouted.
Starting router resource preassignment

Completed router resource preassignment. Real time: 4 secs 

Start NBR router at 10:03:08 02/24/25

*****************************************************************
Info: NBR allows conflicts(one node used by more than one signal)
      in the earlier iterations. In each iteration, it tries to  
      solve the conflicts while keeping the critical connections 
      routed as short as possible. The routing process is said to
      be completed when no conflicts exist and all connections   
      are routed.                                                
Note: NBR uses a different method to calculate timing slacks. The
      worst slack and total negative slack may not be the same as
      that in TRCE report. You should always run TRCE to verify  
      your design.                                               
*****************************************************************

Start NBR special constraint process at 10:03:08 02/24/25

Start NBR section for initial routing at 10:03:08 02/24/25
Level 1, iteration 1
0(0.00%) conflict; 1653(75.00%) untouched conns; 64844570 (nbr) score; 
Estimated worst slack/total negative slack<setup>: -2164.606ns/-64844.570ns; real time: 4 secs 
Level 2, iteration 1
2(0.00%) conflicts; 1650(74.86%) untouched conns; 64495148 (nbr) score; 
Estimated worst slack/total negative slack<setup>: -2160.284ns/-64495.148ns; real time: 4 secs 
Level 3, iteration 1
0(0.00%) conflict; 1650(74.86%) untouched conns; 64585794 (nbr) score; 
Estimated worst slack/total negative slack<setup>: -2164.066ns/-64585.794ns; real time: 4 secs 
Level 4, iteration 1
48(0.02%) conflicts; 0(0.00%) untouched conn; 66173905 (nbr) score; 
Estimated worst slack/total negative slack<setup>: -2208.906ns/-66173.906ns; real time: 5 secs 

Info: Initial congestion level at 75% usage is 0
Info: Initial congestion area  at 75% usage is 0 (0.00%)

Start NBR section for normal routing at 10:03:09 02/24/25
Level 4, iteration 1
28(0.01%) conflicts; 0(0.00%) untouched conn; 63398485 (nbr) score; 
Estimated worst slack/total negative slack<setup>: -2163.256ns/-63398.485ns; real time: 5 secs 
Level 4, iteration 2
13(0.01%) conflicts; 0(0.00%) untouched conn; 64720673 (nbr) score; 
Estimated worst slack/total negative slack<setup>: -2204.449ns/-64720.673ns; real time: 5 secs 
Level 4, iteration 3
5(0.00%) conflicts; 0(0.00%) untouched conn; 63531796 (nbr) score; 
Estimated worst slack/total negative slack<setup>: -2166.902ns/-63531.796ns; real time: 5 secs 
Level 4, iteration 4
4(0.00%) conflicts; 0(0.00%) untouched conn; 63531796 (nbr) score; 
Estimated worst slack/total negative slack<setup>: -2166.902ns/-63531.796ns; real time: 5 secs 
Level 4, iteration 5
2(0.00%) conflicts; 0(0.00%) untouched conn; 63730408 (nbr) score; 
Estimated worst slack/total negative slack<setup>: -2166.902ns/-63730.408ns; real time: 5 secs 
Level 4, iteration 6
2(0.00%) conflicts; 0(0.00%) untouched conn; 63730408 (nbr) score; 
Estimated worst slack/total negative slack<setup>: -2166.902ns/-63730.408ns; real time: 5 secs 
Level 4, iteration 7
2(0.00%) conflicts; 0(0.00%) untouched conn; 63730408 (nbr) score; 
Estimated worst slack/total negative slack<setup>: -2166.902ns/-63730.408ns; real time: 5 secs 
Level 4, iteration 8
1(0.00%) conflict; 0(0.00%) untouched conn; 63730408 (nbr) score; 
Estimated worst slack/total negative slack<setup>: -2166.902ns/-63730.408ns; real time: 5 secs 
Level 4, iteration 9
0(0.00%) conflict; 0(0.00%) untouched conn; 63730408 (nbr) score; 
Estimated worst slack/total negative slack<setup>: -2166.902ns/-63730.408ns; real time: 5 secs 

Start NBR section for performance tuning (iteration 1) at 10:03:09 02/24/25
Level 4, iteration 1
0(0.00%) conflict; 0(0.00%) untouched conn; 63730408 (nbr) score; 
Estimated worst slack/total negative slack<setup>: -2166.902ns/-63730.408ns; real time: 5 secs 

Start NBR section for re-routing at 10:03:09 02/24/25
Level 4, iteration 1
0(0.00%) conflict; 0(0.00%) untouched conn; 63730408 (nbr) score; 
Estimated worst slack/total negative slack<setup>: -2166.902ns/-63730.408ns; real time: 5 secs 

Start NBR section for post-routing at 10:03:09 02/24/25

End NBR router with 0 unrouted connection

NBR Summary
-----------
  Number of unrouted connections : 0 (0.00%)
  Number of connections with timing violations : 781 (35.44%)
  Estimated worst slack<setup> : -2166.902ns
  Timing score<setup> : 202951807
-----------
Notes: The timing info is calculated for SETUP only and all PAR_ADJs are ignored.



Total CPU time 5 secs 
Total REAL time: 6 secs 
Completely routed.
End of route.  2204 routed (100.00%); 0 unrouted.

Hold time timing score: 174, hold timing errors: 62

Timing score: 202951807 

Dumping design to file LatticeDiamond__Fusion_impl1.dir/5_1.ncd.


PAR_SUMMARY::Run status = Completed
PAR_SUMMARY::Number of unrouted conns = 0
PAR_SUMMARY::Worst  slack<setup/<ns>> = -2166.903
PAR_SUMMARY::Timing score<setup/<ns>> = 202951.807
PAR_SUMMARY::Worst  slack<hold /<ns>> = -3.636
PAR_SUMMARY::Timing score<hold /<ns>> = 174.510
PAR_SUMMARY::Number of errors = 0

Total CPU  time to completion: 5 secs 
Total REAL time to completion: 6 secs 

par done!

Note: user must run 'Trace' for timing closure signoff.

Copyright (c) 1991-1994 by NeoCAD Inc. All rights reserved.
Copyright (c) 1995 AT&T Corp.   All rights reserved.
Copyright (c) 1995-2001 Lucent Technologies Inc.  All rights reserved.
Copyright (c) 2001 Agere Systems   All rights reserved.
Copyright (c) 2002-2024 Lattice Semiconductor Corporation,  All rights reserved.
Exiting par with exit code 0
Exiting mpartrce with exit code 0

trce -f "LatticeDiamond__Fusion_impl1.pt" -o "LatticeDiamond__Fusion_impl1.twr" "LatticeDiamond__Fusion_impl1.ncd" "LatticeDiamond__Fusion_impl1.prf"
trce:  version Diamond (64-bit) 3.14.0.75.2

Copyright (c) 1991-1994 by NeoCAD Inc. All rights reserved.
Copyright (c) 1995 AT&T Corp.   All rights reserved.
Copyright (c) 1995-2001 Lucent Technologies Inc.  All rights reserved.
Copyright (c) 2001 Agere Systems   All rights reserved.
Copyright (c) 2002-2024 Lattice Semiconductor Corporation,  All rights reserved.

Loading design for application trce from file latticediamond__fusion_impl1.ncd.
Design name: merged_system
NCD version: 3.3
Vendor:      LATTICE
Device:      LCMXO2-4000HC
Package:     CSBGA132
Performance: 4
Loading device for application trce from file 'xo2c4000.nph' in environment: D:/Program Files/Lattice/ispfpga.
Package Status:                     Final          Version 1.44.
Performance Hardware Data Status:   Final          Version 36.4.
Setup and Hold Report

--------------------------------------------------------------------------------
Lattice TRACE Report - Setup, Version Diamond (64-bit) 3.14.0.75.2
Mon Feb 24 10:03:10 2025

Copyright (c) 1991-1994 by NeoCAD Inc. All rights reserved.
Copyright (c) 1995 AT&T Corp.   All rights reserved.
Copyright (c) 1995-2001 Lucent Technologies Inc.  All rights reserved.
Copyright (c) 2001 Agere Systems   All rights reserved.
Copyright (c) 2002-2024 Lattice Semiconductor Corporation,  All rights reserved.

Report Information
------------------
Command line:    trce -v 10 -gt -sethld -sp 4 -sphld m -o LatticeDiamond__Fusion_impl1.twr -gui LatticeDiamond__Fusion_impl1.ncd LatticeDiamond__Fusion_impl1.prf 
Design file:     latticediamond__fusion_impl1.ncd
Preference file: latticediamond__fusion_impl1.prf
Device,speed:    LCMXO2-4000HC,4
Report level:    verbose report, limited to 10 items per preference
--------------------------------------------------------------------------------

Report Type:     based on TRACE automatically generated preferences
BLOCK ASYNCPATHS
BLOCK RESETPATHS
--------------------------------------------------------------------------------



Timing summary (Setup):
---------------

Timing errors: 5283  Score: 202951807
Cumulative negative slack: 202951807

Constraints cover 10062 paths, 6 nets, and 2157 connections (97.87% coverage)

--------------------------------------------------------------------------------
Lattice TRACE Report - Hold, Version Diamond (64-bit) 3.14.0.75.2
Mon Feb 24 10:03:10 2025

Copyright (c) 1991-1994 by NeoCAD Inc. All rights reserved.
Copyright (c) 1995 AT&T Corp.   All rights reserved.
Copyright (c) 1995-2001 Lucent Technologies Inc.  All rights reserved.
Copyright (c) 2001 Agere Systems   All rights reserved.
Copyright (c) 2002-2024 Lattice Semiconductor Corporation,  All rights reserved.

Report Information
------------------
Command line:    trce -v 10 -gt -sethld -sp 4 -sphld m -o LatticeDiamond__Fusion_impl1.twr -gui LatticeDiamond__Fusion_impl1.ncd LatticeDiamond__Fusion_impl1.prf 
Design file:     latticediamond__fusion_impl1.ncd
Preference file: latticediamond__fusion_impl1.prf
Device,speed:    LCMXO2-4000HC,m
Report level:    verbose report, limited to 10 items per preference
--------------------------------------------------------------------------------

BLOCK ASYNCPATHS
BLOCK RESETPATHS
--------------------------------------------------------------------------------



Timing summary (Hold):
---------------

Timing errors: 62  Score: 174510
Cumulative negative slack: 174510

Constraints cover 10062 paths, 6 nets, and 2158 connections (97.91% coverage)



Timing summary (Setup and Hold):
---------------

Timing errors: 5283 (setup), 62 (hold)
Score: 202951807 (setup), 174510 (hold)
Cumulative negative slack: 203126317 (202951807+174510)
--------------------------------------------------------------------------------

--------------------------------------------------------------------------------

Total CPU Time: 0 secs 
Total REAL Time: 0 secs 
Peak Memory Usage: 64 MB


iotiming  "LatticeDiamond__Fusion_impl1.ncd" "LatticeDiamond__Fusion_impl1.prf"
I/O Timing Report:
:  version Diamond (64-bit) 3.14.0.75.2

Copyright (c) 1991-1994 by NeoCAD Inc. All rights reserved.
Copyright (c) 1995 AT&T Corp.   All rights reserved.
Copyright (c) 1995-2001 Lucent Technologies Inc.  All rights reserved.
Copyright (c) 2001 Agere Systems   All rights reserved.
Copyright (c) 2002-2024 Lattice Semiconductor Corporation,  All rights reserved.

Loading design for application iotiming from file latticediamond__fusion_impl1.ncd.
Design name: merged_system
NCD version: 3.3
Vendor:      LATTICE
Device:      LCMXO2-4000HC
Package:     CSBGA132
Performance: 4
Loading device for application iotiming from file 'xo2c4000.nph' in environment: D:/Program Files/Lattice/ispfpga.
Package Status:                     Final          Version 1.44.
Performance Hardware Data Status:   Final          Version 36.4.
Running Performance Grade: 4
Computing Setup Time ...
Computing Max Clock to Output Delay ...
Computing Hold Time ...
Computing Min Clock to Output Delay ...

Loading design for application iotiming from file latticediamond__fusion_impl1.ncd.
Design name: merged_system
NCD version: 3.3
Vendor:      LATTICE
Device:      LCMXO2-4000HC
Package:     CSBGA132
Performance: 5
Package Status:                     Final          Version 1.44.
Performance Hardware Data Status:   Final          Version 36.4.
Running Performance Grade: 5
Computing Setup Time ...
Computing Max Clock to Output Delay ...
Computing Hold Time ...
Computing Min Clock to Output Delay ...

Loading design for application iotiming from file latticediamond__fusion_impl1.ncd.
Design name: merged_system
NCD version: 3.3
Vendor:      LATTICE
Device:      LCMXO2-4000HC
Package:     CSBGA132
Performance: 6
Package Status:                     Final          Version 1.44.
Performance Hardware Data Status:   Final          Version 36.4.
Running Performance Grade: 6
Computing Setup Time ...
Computing Max Clock to Output Delay ...
Computing Hold Time ...
Computing Min Clock to Output Delay ...

Loading design for application iotiming from file latticediamond__fusion_impl1.ncd.
Design name: merged_system
NCD version: 3.3
Vendor:      LATTICE
Device:      LCMXO2-4000HC
Package:     CSBGA132
Performance: M
Package Status:                     Final          Version 1.44.
Performance Hardware Data Status:   Final          Version 36.4.
Running Performance Grade: M
Computing Setup Time ...
Computing Max Clock to Output Delay ...
Computing Hold Time ...
Computing Min Clock to Output Delay ...
Done.

ibisgen "LatticeDiamond__Fusion_impl1.pad" "D:/Program Files/Lattice/cae_library/ibis/machxo2.ibs"   
IBIS Models Generator: Lattice Diamond (64-bit) 3.14.0.75.2

Mon Feb 24 10:03:12 2025

Comp: bee
 Site: N4
 Type: OUT
 IO_TYPE=LVCMOS25 
 DRIVE=8mA 
 PULL=DOWN 
 SLEW=SLOW 
-----------------------
Comp: blue_light1
 Site: P2
 Type: OUT
 IO_TYPE=LVCMOS25 
 DRIVE=8mA 
 PULL=DOWN 
 SLEW=SLOW 
-----------------------
Comp: blue_light2
 Site: P4
 Type: OUT
 IO_TYPE=LVCMOS25 
 DRIVE=8mA 
 PULL=DOWN 
 SLEW=SLOW 
-----------------------
Comp: clk
 Site: C1
 Type: IN
 IO_TYPE=LVCMOS25 
 PULL=DOWN 
 CLAMP=ON 
 HYSTERESIS=SMALL 
-----------------------
Comp: green_light1
 Site: N2
 Type: OUT
 IO_TYPE=LVCMOS25 
 DRIVE=8mA 
 PULL=DOWN 
 SLEW=SLOW 
-----------------------
Comp: green_light2
 Site: N3
 Type: OUT
 IO_TYPE=LVCMOS25 
 DRIVE=8mA 
 PULL=DOWN 
 SLEW=SLOW 
-----------------------
Comp: i2c_scl
 Site: C8
 Type: OUT
 IO_TYPE=LVCMOS25 
 DRIVE=8mA 
 PULL=DOWN 
 SLEW=SLOW 
-----------------------
Comp: i2c_sda
 Site: B8
 Type: BIDI
 IO_TYPE=LVCMOS25 
 DRIVE=8mA 
 PULL=DOWN 
 CLAMP=ON 
 HYSTERESIS=SMALL 
 SLEW=SLOW 
-----------------------
Comp: led[0]
 Site: N13
 Type: OUT
 IO_TYPE=LVCMOS25 
 DRIVE=8mA 
 PULL=DOWN 
 SLEW=SLOW 
-----------------------
Comp: led[1]
 Site: M12
 Type: OUT
 IO_TYPE=LVCMOS25 
 DRIVE=8mA 
 PULL=DOWN 
 SLEW=SLOW 
-----------------------
Comp: led[2]
 Site: P12
 Type: OUT
 IO_TYPE=LVCMOS25 
 DRIVE=8mA 
 PULL=DOWN 
 SLEW=SLOW 
-----------------------
Comp: led[3]
 Site: M11
 Type: OUT
 IO_TYPE=LVCMOS25 
 DRIVE=8mA 
 PULL=DOWN 
 SLEW=SLOW 
-----------------------
Comp: led[4]
 Site: P11
 Type: OUT
 IO_TYPE=LVCMOS25 
 DRIVE=8mA 
 PULL=DOWN 
 SLEW=SLOW 
-----------------------
Comp: led[5]
 Site: N10
 Type: OUT
 IO_TYPE=LVCMOS25 
 DRIVE=8mA 
 PULL=DOWN 
 SLEW=SLOW 
-----------------------
Comp: led[6]
 Site: N9
 Type: OUT
 IO_TYPE=LVCMOS25 
 DRIVE=8mA 
 PULL=DOWN 
 SLEW=SLOW 
-----------------------
Comp: led[7]
 Site: P9
 Type: OUT
 IO_TYPE=LVCMOS25 
 DRIVE=8mA 
 PULL=DOWN 
 SLEW=SLOW 
-----------------------
Comp: red_light1
 Site: M2
 Type: OUT
 IO_TYPE=LVCMOS25 
 DRIVE=8mA 
 PULL=DOWN 
 SLEW=SLOW 
-----------------------
Comp: red_light2
 Site: M3
 Type: OUT
 IO_TYPE=LVCMOS25 
 DRIVE=8mA 
 SLEW=SLOW 
-----------------------
Comp: rst_n
 Site: N14
 Type: IN
 IO_TYPE=LVCMOS25 
 PULL=DOWN 
 CLAMP=ON 
 HYSTERESIS=SMALL 
-----------------------
Comp: seg_din
 Site: P13
 Type: OUT
 IO_TYPE=LVCMOS25 
 DRIVE=8mA 
 PULL=DOWN 
 SLEW=SLOW 
-----------------------
Comp: seg_rck
 Site: P3
 Type: OUT
 IO_TYPE=LVCMOS25 
 DRIVE=8mA 
 PULL=DOWN 
 SLEW=SLOW 
-----------------------
Comp: seg_sck
 Site: M4
 Type: OUT
 IO_TYPE=LVCMOS25 
 DRIVE=8mA 
 PULL=DOWN 
 SLEW=SLOW 
-----------------------
Created design models.


Generating: D:\Data\Desktop\Cyberspace 2024-2025\ProjectCode\LatticeDiamond__Fusion\impl1\IBIS\LatticeDiamond__Fus~.ibs


    <postMsg mid="1191031" type="Info"    dynamic="0" navigation="0"  />

ldbanno "LatticeDiamond__Fusion_impl1.ncd" -n Verilog  -o "LatticeDiamond__Fusion_impl1_vo.vo"         -w -neg
ldbanno: version Diamond (64-bit) 3.14.0.75.2
Copyright (c) 1991-1994 by NeoCAD Inc. All rights reserved.
Copyright (c) 1995 AT&T Corp.   All rights reserved.
Copyright (c) 1995-2001 Lucent Technologies Inc.  All rights reserved.
Copyright (c) 2001 Agere Systems   All rights reserved.
Copyright (c) 2002-2024 Lattice Semiconductor Corporation,  All rights reserved.

Writing a Verilog netlist using the orca library type based on the LatticeDiamond__Fusion_impl1 design file.


Loading design for application ldbanno from file LatticeDiamond__Fusion_impl1.ncd.
Design name: merged_system
NCD version: 3.3
Vendor:      LATTICE
Device:      LCMXO2-4000HC
Package:     CSBGA132
Performance: 4
Loading device for application ldbanno from file 'xo2c4000.nph' in environment: D:/Program Files/Lattice/ispfpga.
Package Status:                     Final          Version 1.44.
Performance Hardware Data Status:   Final          Version 36.4.
Converting design LatticeDiamond__Fusion_impl1.ncd into .ldb format.
Loading preferences from latticediamond__fusion_impl1.prf.
Writing Verilog netlist to file LatticeDiamond__Fusion_impl1_vo.vo
Writing SDF timing to file LatticeDiamond__Fusion_impl1_vo.sdf
    <postMsg mid="35400250" type="Info"    dynamic="1" navigation="0" arg0="0"  />
Total CPU Time: 0 secs 
Total REAL Time: 0 secs 
Peak Memory Usage: 61 MB

ldbanno "LatticeDiamond__Fusion_impl1.ncd" -n VHDL -o "LatticeDiamond__Fusion_impl1_vho.vho"         -w -neg 
ldbanno: version Diamond (64-bit) 3.14.0.75.2
Copyright (c) 1991-1994 by NeoCAD Inc. All rights reserved.
Copyright (c) 1995 AT&T Corp.   All rights reserved.
Copyright (c) 1995-2001 Lucent Technologies Inc.  All rights reserved.
Copyright (c) 2001 Agere Systems   All rights reserved.
Copyright (c) 2002-2024 Lattice Semiconductor Corporation,  All rights reserved.

Writing a VHDL netlist using the orca library type based on the LatticeDiamond__Fusion_impl1 design file.


Loading design for application ldbanno from file LatticeDiamond__Fusion_impl1.ncd.
Design name: merged_system
NCD version: 3.3
Vendor:      LATTICE
Device:      LCMXO2-4000HC
Package:     CSBGA132
Performance: 4
Loading device for application ldbanno from file 'xo2c4000.nph' in environment: D:/Program Files/Lattice/ispfpga.
Package Status:                     Final          Version 1.44.
Performance Hardware Data Status:   Final          Version 36.4.
Converting design LatticeDiamond__Fusion_impl1.ncd into .ldb format.
Loading preferences from latticediamond__fusion_impl1.prf.
Writing VHDL netlist to file LatticeDiamond__Fusion_impl1_vho.vho
Writing SDF timing to file LatticeDiamond__Fusion_impl1_vho.sdf
    <postMsg mid="35400250" type="Info"    dynamic="1" navigation="0" arg0="0"  />
Total CPU Time: 1 secs 
Total REAL Time: 0 secs 
Peak Memory Usage: 61 MB

tmcheck -par "LatticeDiamond__Fusion_impl1.par" 

bitgen -f "LatticeDiamond__Fusion_impl1.t2b" -w "LatticeDiamond__Fusion_impl1.ncd"  "LatticeDiamond__Fusion_impl1.prf"


BITGEN: Bitstream Generator Diamond (64-bit) 3.14.0.75.2
Copyright (c) 1991-1994 by NeoCAD Inc. All rights reserved.
Copyright (c) 1995 AT&T Corp.   All rights reserved.
Copyright (c) 1995-2001 Lucent Technologies Inc.  All rights reserved.
Copyright (c) 2001 Agere Systems   All rights reserved.
Copyright (c) 2002-2024 Lattice Semiconductor Corporation,  All rights reserved.


Loading design for application Bitgen from file LatticeDiamond__Fusion_impl1.ncd.
Design name: merged_system
NCD version: 3.3
Vendor:      LATTICE
Device:      LCMXO2-4000HC
Package:     CSBGA132
Performance: 4
Loading device for application Bitgen from file 'xo2c4000.nph' in environment: D:/Program Files/Lattice/ispfpga.
Package Status:                     Final          Version 1.44.
Performance Hardware Data Status:   Final          Version 36.4.

Running DRC.
DRC detected 0 errors and 0 warnings.
Reading Preference File from LatticeDiamond__Fusion_impl1.prf.
    <postMsg mid="1009992" type="Info"    dynamic="1" navigation="0" arg0=" SW_XO3D_SECURITY_ENCRYPTION *NOT* controlled by xo2c00.acd ###"  />
    <postMsg mid="1009992" type="Info"    dynamic="1" navigation="0" arg0=" SW_XO3D_SECURITY_ENCRYPTION license_securityIP OK"  />

Preference Summary:
+---------------------------------+---------------------------------+
|  Preference                     |  Current Setting                |
+---------------------------------+---------------------------------+
|                         RamCfg  |                        Reset**  |
+---------------------------------+---------------------------------+
|                     MCCLK_FREQ  |                         2.08**  |
+---------------------------------+---------------------------------+
|                  CONFIG_SECURE  |                          OFF**  |
+---------------------------------+---------------------------------+
|                          INBUF  |                           ON**  |
+---------------------------------+---------------------------------+
|                      JTAG_PORT  |                       ENABLE**  |
+---------------------------------+---------------------------------+
|                       SDM_PORT  |                      DISABLE**  |
+---------------------------------+---------------------------------+
|                 SLAVE_SPI_PORT  |                      DISABLE**  |
+---------------------------------+---------------------------------+
|                MASTER_SPI_PORT  |                      DISABLE**  |
+---------------------------------+---------------------------------+
|                       I2C_PORT  |                      DISABLE**  |
+---------------------------------+---------------------------------+
|        MUX_CONFIGURATION_PORTS  |                      DISABLE**  |
+---------------------------------+---------------------------------+
|                  CONFIGURATION  |                          CFG**  |
+---------------------------------+---------------------------------+
|                COMPRESS_CONFIG  |                           ON**  |
+---------------------------------+---------------------------------+
|                        MY_ASSP  |                          OFF**  |
+---------------------------------+---------------------------------+
|               ONE_TIME_PROGRAM  |                          OFF**  |
+---------------------------------+---------------------------------+
|                 ENABLE_TRANSFR  |                      DISABLE**  |
+---------------------------------+---------------------------------+
|                  SHAREDEBRINIT  |                      DISABLE**  |
+---------------------------------+---------------------------------+
|            BACKGROUND_RECONFIG  |                          OFF**  |
+---------------------------------+---------------------------------+
 *  Default setting.
 ** The specified setting matches the default setting.


Creating bit map...
 
Bitstream Status: Final           Version 1.95.
 
Saving bit stream in "LatticeDiamond__Fusion_impl1.bit".
Total CPU Time: 1 secs 
Total REAL Time: 0 secs 
Peak Memory Usage: 276 MB

tmcheck -par "LatticeDiamond__Fusion_impl1.par" 

bitgen -f "LatticeDiamond__Fusion_impl1.t2b" -w "LatticeDiamond__Fusion_impl1.ncd"  -jedec "LatticeDiamond__Fusion_impl1.prf"


BITGEN: Bitstream Generator Diamond (64-bit) 3.14.0.75.2
Copyright (c) 1991-1994 by NeoCAD Inc. All rights reserved.
Copyright (c) 1995 AT&T Corp.   All rights reserved.
Copyright (c) 1995-2001 Lucent Technologies Inc.  All rights reserved.
Copyright (c) 2001 Agere Systems   All rights reserved.
Copyright (c) 2002-2024 Lattice Semiconductor Corporation,  All rights reserved.


Loading design for application Bitgen from file LatticeDiamond__Fusion_impl1.ncd.
Design name: merged_system
NCD version: 3.3
Vendor:      LATTICE
Device:      LCMXO2-4000HC
Package:     CSBGA132
Performance: 4
Loading device for application Bitgen from file 'xo2c4000.nph' in environment: D:/Program Files/Lattice/ispfpga.
Package Status:                     Final          Version 1.44.
Performance Hardware Data Status:   Final          Version 36.4.

Running DRC.
DRC detected 0 errors and 0 warnings.
Reading Preference File from LatticeDiamond__Fusion_impl1.prf.
    <postMsg mid="1009992" type="Info"    dynamic="1" navigation="0" arg0=" SW_XO3D_SECURITY_ENCRYPTION *NOT* controlled by xo2c00.acd ###"  />
    <postMsg mid="1009992" type="Info"    dynamic="1" navigation="0" arg0=" SW_XO3D_SECURITY_ENCRYPTION license_securityIP OK"  />

Preference Summary:
+---------------------------------+---------------------------------+
|  Preference                     |  Current Setting                |
+---------------------------------+---------------------------------+
|                         RamCfg  |                        Reset**  |
+---------------------------------+---------------------------------+
|                     MCCLK_FREQ  |                         2.08**  |
+---------------------------------+---------------------------------+
|                  CONFIG_SECURE  |                          OFF**  |
+---------------------------------+---------------------------------+
|                          INBUF  |                           ON**  |
+---------------------------------+---------------------------------+
|                      JTAG_PORT  |                       ENABLE**  |
+---------------------------------+---------------------------------+
|                       SDM_PORT  |                      DISABLE**  |
+---------------------------------+---------------------------------+
|                 SLAVE_SPI_PORT  |                      DISABLE**  |
+---------------------------------+---------------------------------+
|                MASTER_SPI_PORT  |                      DISABLE**  |
+---------------------------------+---------------------------------+
|                       I2C_PORT  |                      DISABLE**  |
+---------------------------------+---------------------------------+
|        MUX_CONFIGURATION_PORTS  |                      DISABLE**  |
+---------------------------------+---------------------------------+
|                  CONFIGURATION  |                          CFG**  |
+---------------------------------+---------------------------------+
|                COMPRESS_CONFIG  |                           ON**  |
+---------------------------------+---------------------------------+
|                        MY_ASSP  |                          OFF**  |
+---------------------------------+---------------------------------+
|               ONE_TIME_PROGRAM  |                          OFF**  |
+---------------------------------+---------------------------------+
|                 ENABLE_TRANSFR  |                      DISABLE**  |
+---------------------------------+---------------------------------+
|                  SHAREDEBRINIT  |                      DISABLE**  |
+---------------------------------+---------------------------------+
|            BACKGROUND_RECONFIG  |                          OFF**  |
+---------------------------------+---------------------------------+
 *  Default setting.
 ** The specified setting matches the default setting.


Creating bit map...
 
Bitstream Status: Final           Version 1.95.
 
Saving bit stream in "LatticeDiamond__Fusion_impl1.jed".
 
===========
UFM Summary.
===========
UFM Size:        767 Pages (128*767 Bits).
UFM Utilization: General Purpose Flash Memory.
 
Available General Purpose Flash Memory:  767 Pages (Page 0 to Page 766).
Initialized UFM Pages:                     0 Page.
 
=========
Padding summary
=========
Padded 663168 bits for this design


Total CPU Time: 1 secs 
Total REAL Time: 2 secs 
Peak Memory Usage: 276 MB
