
Copyright (C) 1994-2023 Synopsys, Inc.
This Synopsys software and all associated documentation are proprietary to Synopsys, Inc.
and may only be used pursuant to the terms and conditions of a written license agreement
with Synopsys, Inc. All other use, reproduction, modification, or distribution of the
Synopsys software or the associated documentation is strictly prohibited.
Tool: Synplify Pro (R)
Build: V-2023.09L-2
Install: D:\Program Files\Lattice\synpbase
OS: Windows 10 or later
Hostname: MAICRY

Implementation : impl1

# Written on Mon Feb 24 10:02:41 2025

##### FILES SYNTAX CHECKED ##############################################
Constraint File(s):      (none)

#Run constraint checker to find more issues with constraints.
#########################################################################



No issues found in constraint syntax.



Clock Summary
*************

          Start                                   Requested     Requested     Clock                                               Clock          Clock
Level     Clock                                   Frequency     Period        Type                                                Group          Load 
------------------------------------------------------------------------------------------------------------------------------------------------------
0 -       merged_system|clk                       100.0 MHz     10.000        inferred                                            (multiple)     135  
1 .         sensor|phase_clock_derived_clock      100.0 MHz     10.000        derived (from merged_system|clk)                    (multiple)     145  
2 ..          sensor|data_valid_derived_clock     100.0 MHz     10.000        derived (from sensor|phase_clock_derived_clock)     (multiple)     48   
======================================================================================================================================================


Clock Load Summary
******************

                                     Clock     Source                                    Clock Pin                           Non-clock Pin     Non-clock Pin
Clock                                Load      Pin                                       Seq Example                         Seq Example       Comb Example 
------------------------------------------------------------------------------------------------------------------------------------------------------------
merged_system|clk                    135       clk(port)                                 u_detecter.u3.beeper.C              -                 -            
sensor|phase_clock_derived_clock     145       u_detecter.u1.phase_clock.Q[0](dffre)     u_detecter.u1.reg_data[7:0].C       -                 -            
sensor|data_valid_derived_clock      48        u_detecter.u1.data_valid.Q[0](dffre)      u_detecter.u2.prox_dat0[15:0].C     -                 -            
============================================================================================================================================================
