{
"Synplify Pro (R) Job Log" : {
	"Date" : "10:02:46    24-Feb-2025",
	"Working Directory" : "D:/Data/Desktop/Cyberspace 2024-2025/ProjectCode/LatticeDiamond__Fusion/impl1",
	"Install" : "D:/Program Files/Lattice/synpbase"
},
"impl1" :{
   "Job Flow" : "Sequential",
   "Start Time" : "10:02:38",
   "Runtime" : "08s",
   "Executable Run Time" : "07s",
   "synthesis" : {
      "Job Flow" : "Sequential",
      "Start Time" : "10:02:38",
      "Runtime" : "08s",
      "Executable Run Time" : "07s",
      "compile" : {
         "Job Flow" : "Sequential",
         "Start Time" : "10:02:38",
         "Runtime" : "04s",
         "Executable Run Time" : "03s",
         "compile_flow" : {
            "Job Flow" : "Sequential",
            "Start Time" : "10:02:38",
            "Runtime" : "03s",
            "Executable Run Time" : "02s",
            "compiler" : {
               "executable" : "bin64/c_hdl.exe",
               "Run Directory" : "D:/Data/Desktop/Cyberspace 2024-2025/ProjectCode/LatticeDiamond__Fusion/impl1",
               "Run State" : "Complete",
               "Return Code" : "0",
               "Has Errors" : "no",
               "Run Start Time" : "10:02:38",
               "Run Time" : "02s",
               "Exe Run Time" : "01s",
               "Memory Usage" : "-",
               "Up-to-date (run skipped)" : "no"
            },
            "multi_srs_gen" : {
               "executable" : "bin64/syn_nfilter.exe",
               "Run Directory" : "D:/Data/Desktop/Cyberspace 2024-2025/ProjectCode/LatticeDiamond__Fusion/impl1",
               "Run State" : "Complete",
               "Return Code" : "0",
               "Has Errors" : "no",
               "Run Start Time" : "10:02:40",
               "Run Time" : "01s",
               "Exe Run Time" : "01s",
               "Memory Usage" : "-",
               "Up-to-date (run skipped)" : "no"
            }
         },
         "premap" : {
            "executable" : "bin64/m_gen_lattice.exe",
            "Run Directory" : "D:/Data/Desktop/Cyberspace 2024-2025/ProjectCode/LatticeDiamond__Fusion/impl1",
            "Run State" : "Complete",
            "Return Code" : "1",
            "Has Errors" : "no",
            "Run Start Time" : "10:02:41",
            "Run Time" : "01s",
            "Exe Run Time" : "01s",
            "Memory Usage" : "-",
            "Up-to-date (run skipped)" : "no"
         }
      },
      "map" : {
         "Job Flow" : "Sequential",
         "Start Time" : "10:02:42",
         "Runtime" : "04s",
         "Executable Run Time" : "04s",
         "fpga_mapper" : {
            "executable" : "bin64/m_gen_lattice.exe",
            "Run Directory" : "D:/Data/Desktop/Cyberspace 2024-2025/ProjectCode/LatticeDiamond__Fusion/impl1",
            "Run State" : "Complete",
            "Return Code" : "1",
            "Has Errors" : "no",
            "Run Start Time" : "10:02:42",
            "Run Time" : "04s",
            "Exe Run Time" : "04s",
            "Memory Usage" : "-",
            "Up-to-date (run skipped)" : "no"
         }
      }
   }
}
}