Running in Lattice mode
error reading package index file D:/Program Files/Lattice/synpbase/lib/pkgIndex.tcl: couldn't read file "{D:/Program Files/Lattice/synpbase/lib/pkgIndex.tcl}": no such file or directory
error reading package index file D:/Program Files/Lattice/synpbase/lib/reg/pkgIndex.tcl: couldn't read file "{D:/Program Files/Lattice/synpbase/lib/reg/pkgIndex.tcl}": no such file or directory
error reading package index file D:/Program Files/Lattice/synpbase/lib/tcllib-1.12/pkgIndex.tcl: couldn't read file "{D:/Program Files/Lattice/synpbase/lib/tcllib-1.12/pkgIndex.tcl}": no such file or directory
error reading package index file D:/Program Files/Lattice/synpbase/lib/pkgIndex.tcl: couldn't read file "{D:/Program Files/Lattice/synpbase/lib/pkgIndex.tcl}": no such file or directory
error reading package index file D:/Program Files/Lattice/synpbase/lib/pkgIndex.tcl: couldn't read file "{D:/Program Files/Lattice/synpbase/lib/pkgIndex.tcl}": no such file or directory
error reading package index file D:/Program Files/Lattice/synpbase/lib/reg/pkgIndex.tcl: couldn't read file "{D:/Program Files/Lattice/synpbase/lib/reg/pkgIndex.tcl}": no such file or directory
error reading package index file D:/Program Files/Lattice/synpbase/lib/tcllib-1.12/pkgIndex.tcl: couldn't read file "{D:/Program Files/Lattice/synpbase/lib/tcllib-1.12/pkgIndex.tcl}": no such file or directory
error reading package index file D:/Program Files/Lattice/synpbase/lib/pkgIndex.tcl: couldn't read file "{D:/Program Files/Lattice/synpbase/lib/pkgIndex.tcl}": no such file or directory

                               Synplify Pro (R) 

                 Version V-2023.09L-2 for win64 - Sep 17, 2024 

                    Copyright (c) 1988 - 2024 Synopsys, Inc.
   This software and the associated documentation are proprietary to Synopsys,
 Inc. This software may only be used in accordance with the terms and conditions
 of a written license agreement with Synopsys, Inc. All other use, reproduction,
   or distribution of this software is strictly prohibited.  Licensed Products
     communicate with Synopsys servers for the purpose of providing software
    updates, detecting software piracy and verifying that customers are using
    Licensed Products in conformity with the applicable License Key for such
  Licensed Products. Synopsys will use information gathered in connection with
    this process to deliver software updates and pursue software pirates and
                                   infringers.

 Inclusivity & Diversity - Visit SolvNetPlus to read the "Synopsys Statement on
            Inclusivity and Diversity" (Refer to article 000036315 at
                        https://solvnetplus.synopsys.com)

Starting:    D:\Program Files\Lattice\synpbase\bin64\mbin\synbatch.exe
Install:     D:\Program Files\Lattice\synpbase
Hostname:    MAICRY
Date:        Mon Feb 24 10:02:37 2025
Version:     V-2023.09L-2

Arguments:   -product synplify_base -batch LatticeDiamond__Fusion_impl1_synplify.tcl
ProductType: synplify_pro





log file: "D:\Data\Desktop\Cyberspace 2024-2025\ProjectCode\LatticeDiamond__Fusion\impl1\LatticeDiamond__Fusion_impl1.srr"
Running: impl1 in foreground

Running proj_1|impl1

Running Flow: compile (Compile) on proj_1|impl1
# Mon Feb 24 10:02:38 2025

Running Flow: compile_flow (Compile Process) on proj_1|impl1
# Mon Feb 24 10:02:38 2025

Running: compiler (Compile Input) on proj_1|impl1
# Mon Feb 24 10:02:38 2025
Copied D:\Data\Desktop\Cyberspace 2024-2025\ProjectCode\LatticeDiamond__Fusion\impl1\synwork\LatticeDiamond__Fusion_impl1_comp.srs to D:\Data\Desktop\Cyberspace 2024-2025\ProjectCode\LatticeDiamond__Fusion\impl1\LatticeDiamond__Fusion_impl1.srs

compiler completed
# Mon Feb 24 10:02:40 2025

Return Code: 0
Run Time:00h:00m:01s

Running: multi_srs_gen (Multi-srs Generator) on proj_1|impl1
# Mon Feb 24 10:02:40 2025

multi_srs_gen completed
# Mon Feb 24 10:02:41 2025

Return Code: 0
Run Time:00h:00m:01s
Copied D:\Data\Desktop\Cyberspace 2024-2025\ProjectCode\LatticeDiamond__Fusion\impl1\synwork\LatticeDiamond__Fusion_impl1_mult.srs to D:\Data\Desktop\Cyberspace 2024-2025\ProjectCode\LatticeDiamond__Fusion\impl1\LatticeDiamond__Fusion_impl1.srs
Copied D:\Data\Desktop\Cyberspace 2024-2025\ProjectCode\LatticeDiamond__Fusion\impl1\LatticeDiamond__Fusion_impl1.srr to D:\Data\Desktop\Cyberspace 2024-2025\ProjectCode\LatticeDiamond__Fusion\impl1\LatticeDiamond__Fusion_impl1.srf
Complete: Compile Process on proj_1|impl1

Running: premap (Premap) on proj_1|impl1
# Mon Feb 24 10:02:41 2025

premap completed with warnings
# Mon Feb 24 10:02:42 2025

Return Code: 1
Run Time:00h:00m:01s
Complete: Compile on proj_1|impl1

Running Flow: map (Map) on proj_1|impl1
# Mon Feb 24 10:02:42 2025
License granted for 4 parallel jobs

Running: fpga_mapper (Map & Optimize) on proj_1|impl1
# Mon Feb 24 10:02:42 2025
Copied D:\Data\Desktop\Cyberspace 2024-2025\ProjectCode\LatticeDiamond__Fusion\impl1\synwork\LatticeDiamond__Fusion_impl1_m.srm to D:\Data\Desktop\Cyberspace 2024-2025\ProjectCode\LatticeDiamond__Fusion\impl1\LatticeDiamond__Fusion_impl1.srm

fpga_mapper completed with warnings
# Mon Feb 24 10:02:46 2025

Return Code: 1
Run Time:00h:00m:04s
Complete: Map on proj_1|impl1
Copied D:\Data\Desktop\Cyberspace 2024-2025\ProjectCode\LatticeDiamond__Fusion\impl1\LatticeDiamond__Fusion_impl1.srr to D:\Data\Desktop\Cyberspace 2024-2025\ProjectCode\LatticeDiamond__Fusion\impl1\LatticeDiamond__Fusion_impl1.srf
Complete: Logic Synthesis on proj_1|impl1
TCL script complete: "LatticeDiamond__Fusion_impl1_synplify.tcl"
exit status=0
exit status=0
Save changes for project:
D:\Data\Desktop\Cyberspace 2024-2025\ProjectCode\LatticeDiamond__Fusion\impl1\proj_1.prj
batch mode default:no
