D:\Program Files\Lattice\synpbase\bin64\c_hdl.exe  -osyn  "D:\Data\Desktop\Cyberspace 2024-2025\ProjectCode\LatticeDiamond__Fusion\impl1\synwork\LatticeDiamond__Fusion_impl1_comp.srs"  -top  merged_system  -hdllog  "D:\Data\Desktop\Cyberspace 2024-2025\ProjectCode\LatticeDiamond__Fusion\impl1\synlog\LatticeDiamond__Fusion_impl1_compiler.srr"  -encrypt  -mp  4  -verification_mode 0  -verilog  -prodtype  synplify_pro  -dspmac -fixsmult -infer_seqShift -nram -sdff_counter -divnmod -nostructver  -lattice   -I "D:\Data\Desktop\Cyberspace 2024-2025\ProjectCode\LatticeDiamond__Fusion"  -I "D:\Data\Desktop\Cyberspace 2024-2025\ProjectCode\LatticeDiamond__Fusion\impl1\"  -I "D:\Program Files\Lattice\synpbase\lib"   -v2001  -devicelib  "D:\Program Files\Lattice\synpbase\lib\lucent\machxo2.v"  -devicelib  "D:\Program Files\Lattice\synpbase\lib\lucent\pmi_def.v"  -encrypt  -pro  -dmgen  "D:\Data\Desktop\Cyberspace 2024-2025\ProjectCode\LatticeDiamond__Fusion\impl1\dm"  -ui -fid2 -ram -sharing on -ll 2000 -autosm  -D_MULTIPLE_FILE_COMPILATION_UNIT_  -lib work -fv2001 "D:\Data\Desktop\Cyberspace 2024-2025\ProjectCode\LatticeDiamond__Fusion\source\beeper.v" -lib work -fv2001 "D:\Data\Desktop\Cyberspace 2024-2025\ProjectCode\LatticeDiamond__Fusion\source\controller.v" -lib work -fv2001 "D:\Data\Desktop\Cyberspace 2024-2025\ProjectCode\LatticeDiamond__Fusion\source\detecter.v" -lib work -fv2001 "D:\Data\Desktop\Cyberspace 2024-2025\ProjectCode\LatticeDiamond__Fusion\source\merged_system.v" -lib work -fv2001 "D:\Data\Desktop\Cyberspace 2024-2025\ProjectCode\LatticeDiamond__Fusion\source\segment.v" -lib work -fv2001 "D:\Data\Desktop\Cyberspace 2024-2025\ProjectCode\LatticeDiamond__Fusion\source\sensor.v" -lib work -fv2001 "D:\Data\Desktop\Cyberspace 2024-2025\ProjectCode\LatticeDiamond__Fusion\source\traffic_light.v"  -jobname  "compiler" 
relcom:..\..\..\..\..\..\..\Program Files\Lattice\synpbase\bin64\c_hdl.exe -osyn "D:\Data\Desktop\Cyberspace 2024-2025\ProjectCode\LatticeDiamond__Fusion\impl1\synwork\LatticeDiamond__Fusion_impl1_comp.srs" -top merged_system -hdllog "D:\Data\Desktop\Cyberspace 2024-2025\ProjectCode\LatticeDiamond__Fusion\impl1\synlog\LatticeDiamond__Fusion_impl1_compiler.srr" -encrypt -mp 4 -verification_mode 0 -verilog -prodtype synplify_pro -dspmac -fixsmult -infer_seqShift -nram -sdff_counter -divnmod -nostructver -lattice -I "D:\Data\Desktop\Cyberspace 2024-2025\ProjectCode\LatticeDiamond__Fusion" -I "D:\Data\Desktop\Cyberspace 2024-2025\ProjectCode\LatticeDiamond__Fusion\impl1\" -I "D:\Program Files\Lattice\synpbase\lib" -v2001 -devicelib "D:\Program Files\Lattice\synpbase\lib\lucent\machxo2.v" -devicelib "D:\Program Files\Lattice\synpbase\lib\lucent\pmi_def.v" -encrypt -pro -dmgen "D:\Data\Desktop\Cyberspace 2024-2025\ProjectCode\LatticeDiamond__Fusion\impl1\dm" -ui -fid2 -ram -sharing on -ll 2000 -autosm -D_MULTIPLE_FILE_COMPILATION_UNIT_ -lib work -fv2001 "D:\Data\Desktop\Cyberspace 2024-2025\ProjectCode\LatticeDiamond__Fusion\source\beeper.v" -lib work -fv2001 "D:\Data\Desktop\Cyberspace 2024-2025\ProjectCode\LatticeDiamond__Fusion\source\controller.v" -lib work -fv2001 "D:\Data\Desktop\Cyberspace 2024-2025\ProjectCode\LatticeDiamond__Fusion\source\detecter.v" -lib work -fv2001 "D:\Data\Desktop\Cyberspace 2024-2025\ProjectCode\LatticeDiamond__Fusion\source\merged_system.v" -lib work -fv2001 "D:\Data\Desktop\Cyberspace 2024-2025\ProjectCode\LatticeDiamond__Fusion\source\segment.v" -lib work -fv2001 "D:\Data\Desktop\Cyberspace 2024-2025\ProjectCode\LatticeDiamond__Fusion\source\sensor.v" -lib work -fv2001 "D:\Data\Desktop\Cyberspace 2024-2025\ProjectCode\LatticeDiamond__Fusion\source\traffic_light.v" -jobname "compiler"
rc:0 success:1 runtime:2
file:..\synwork\latticediamond__fusion_impl1_comp.srs|io:o|time:1740362559|size:26743|exec:0|csum:
file:..\synlog\latticediamond__fusion_impl1_compiler.srr|io:o|time:1740362559|size:19892|exec:0|csum:
file:..\..\..\..\..\..\..\program files\lattice\synpbase\lib\lucent\machxo2.v|io:i|time:1726552933|size:49748|exec:0|csum:B71CE3E7881D74CEF4BD77A23168B26C
file:..\..\..\..\..\..\..\program files\lattice\synpbase\lib\lucent\pmi_def.v|io:i|time:1727134390|size:40584|exec:0|csum:62845CEC2BB6FEBE1BA059B1E18015F4
file:.\-fv2001|io:i|time:0|size:-1|exec:0|csum:
file:..\..\source\beeper.v|io:i|time:1739278776|size:1070|exec:0|csum:1EC599CCD5A70A686591C66C20B83D6C
file:.\-fv2001|io:i|time:0|size:-1|exec:0|csum:
file:..\..\source\controller.v|io:i|time:1739500878|size:777|exec:0|csum:88F5D8B1F2FAC184A4F03AFA42D6F4EC
file:.\-fv2001|io:i|time:0|size:-1|exec:0|csum:
file:..\..\source\detecter.v|io:i|time:1739500910|size:710|exec:0|csum:1922E0EE0B7BFABA4F737B031029B81B
file:.\-fv2001|io:i|time:0|size:-1|exec:0|csum:
file:..\..\source\merged_system.v|io:i|time:1740362488|size:1112|exec:0|csum:607E2039AC4B3E4395DB349B06AE3B5D
file:.\-fv2001|io:i|time:0|size:-1|exec:0|csum:
file:..\..\source\segment.v|io:i|time:1740317318|size:5376|exec:0|csum:C37F8D0ECE0A7232F2A261703BA40CBA
file:.\-fv2001|io:i|time:0|size:-1|exec:0|csum:
file:..\..\source\sensor.v|io:i|time:1740318513|size:14642|exec:0|csum:1BB0BE8064F9B28BC309BC83862787A3
file:.\-fv2001|io:i|time:0|size:-1|exec:0|csum:
file:..\..\source\traffic_light.v|io:i|time:1740362546|size:3698|exec:0|csum:42BE1042A68D6D0841A140A4C1DF7B25
file:..\..\..\..\..\..\..\program files\lattice\synpbase\bin64\c_hdl.exe|io:i|time:1727134361|size:7450624|exec:1|csum:A7411187494CA4C844650524343F7034
