Resource Usage Report
Part: lcmxo2_4000hc-4

Register bits: 326 of 4320 (8%)
PIC Latch:       0
I/O cells:       22

Details:
BB:             1
CCU2D:          99
FD1P3AX:        20
FD1P3BX:        5
FD1P3DX:        105
FD1P3IX:        6
FD1S3AX:        32
FD1S3BX:        6
FD1S3DX:        142
FD1S3IX:        3
GSR:            1
IB:             2
IFS1P3DX:       1
INV:            5
L6MUX21:        1
OB:             19
OFS1P3BX:       1
OFS1P3DX:       5
ORCALUT4:       363
PFUMX:          4
PUR:            1
VHI:            8
VLO:            8
